<?xml version="1.0" encoding="UTF-8"?>
<!-- Generated by org.testng.reporters.JUnitReportReporter -->
<testsuite skipped="0" hostname="DESKTOP-VIR0CUT" name="org.testcases.TC_LoginTest_001" tests="1" failures="0" timestamp="23 May 2023 15:13:02 GMT" time="3.849" errors="0">
  <testcase name="loginTest" time="3.849" classname="org.testcases.TC_LoginTest_001"/>
</testsuite> <!-- org.testcases.TC_LoginTest_001 -->
